<?xml version="1.0" encoding="UTF-8"?>
<!-- Generated by org.testng.reporters.JUnitReportReporter -->
<testsuite hostname="DESKTOP-OGHU37M" name="bdd.runners.RunnerClass" tests="1" failures="0" timestamp="10 Apr 2020 04:10:39 GMT" time="45.299" errors="0">
  <testcase name="feature" time="45.299" classname="bdd.runners.RunnerClass"/>
</testsuite> <!-- bdd.runners.RunnerClass -->
